# JRE version: Java(TM) SE Runtime Environment (8.0_221-b11) (build 1.8.0_221-b11)
# Java VM: Java HotSpot(TM) 64-Bit Server VM (25.221-b11 mixed mode windows-amd64 compressed oops)
Heap:
 PSYoungGen      total 37888K, used 1843K [0x00000000d6400000, 0x00000000d8e00000, 0x0000000100000000)
  eden space 32768K, 5% used [0x00000000d6400000,0x00000000d65cce70,0x00000000d8400000)
  from space 5120K, 0% used [0x00000000d8400000,0x00000000d8400000,0x00000000d8900000)
  to   space 5120K, 0% used [0x00000000d8900000,0x00000000d8900000,0x00000000d8e00000)
 ParOldGen       total 78336K, used 34077K [0x0000000082c00000, 0x0000000087880000, 0x00000000d6400000)
  object space 78336K, 43% used [0x0000000082c00000,0x0000000084d47678,0x0000000087880000)
 Metaspace       used 20172K, capacity 21118K, committed 21248K, reserved 1067008K
  class space    used 2718K, capacity 2960K, committed 3072K, reserved 1048576K
GC Heap History (8 events):
Event: 1.591 GC heap before
{Heap before GC invocations=1 (full 0):
 PSYoungGen      total 37888K, used 32768K [0x00000000d6400000, 0x00000000d8e00000, 0x0000000100000000)
  eden space 32768K, 100% used [0x00000000d6400000,0x00000000d8400000,0x00000000d8400000)
  from space 5120K, 0% used [0x00000000d8900000,0x00000000d8900000,0x00000000d8e00000)
  to   space 5120K, 0% used [0x00000000d8400000,0x00000000d8400000,0x00000000d8900000)
 ParOldGen       total 86016K, used 0K [0x0000000082c00000, 0x0000000088000000, 0x00000000d6400000)
  object space 86016K, 0% used [0x0000000082c00000,0x0000000082c00000,0x0000000088000000)
 Metaspace       used 13592K, capacity 14092K, committed 14336K, reserved 1060864K
  class space    used 1849K, capacity 1994K, committed 2048K, reserved 1048576K
Event: 1.599 GC heap after
Heap after GC invocations=1 (full 0):
 PSYoungGen      total 37888K, used 4224K [0x00000000d6400000, 0x00000000d8e00000, 0x0000000100000000)
  eden space 32768K, 0% used [0x00000000d6400000,0x00000000d6400000,0x00000000d8400000)
  from space 5120K, 82% used [0x00000000d8400000,0x00000000d8820040,0x00000000d8900000)
  to   space 5120K, 0% used [0x00000000d8900000,0x00000000d8900000,0x00000000d8e00000)
 ParOldGen       total 86016K, used 88K [0x0000000082c00000, 0x0000000088000000, 0x00000000d6400000)
  object space 86016K, 0% used [0x0000000082c00000,0x0000000082c16010,0x0000000088000000)
 Metaspace       used 13592K, capacity 14092K, committed 14336K, reserved 1060864K
  class space    used 1849K, capacity 1994K, committed 2048K, reserved 1048576K
}
Event: 88.764 GC heap before
{Heap before GC invocations=2 (full 0):
 PSYoungGen      total 37888K, used 36992K [0x00000000d6400000, 0x00000000d8e00000, 0x0000000100000000)
  eden space 32768K, 100% used [0x00000000d6400000,0x00000000d8400000,0x00000000d8400000)
  from space 5120K, 82% used [0x00000000d8400000,0x00000000d8820040,0x00000000d8900000)
  to   space 5120K, 0% used [0x00000000d8900000,0x00000000d8900000,0x00000000d8e00000)
 ParOldGen       total 86016K, used 23497K [0x0000000082c00000, 0x0000000088000000, 0x00000000d6400000)
  object space 86016K, 27% used [0x0000000082c00000,0x00000000842f2420,0x0000000088000000)
 Metaspace       used 19740K, capacity 20758K, committed 20864K, reserved 1067008K
  class space    used 2707K, capacity 2928K, committed 2944K, reserved 1048576K
Event: 88.789 GC heap after
Heap after GC invocations=2 (full 0):
 PSYoungGen      total 37888K, used 5104K [0x00000000d6400000, 0x00000000d8e00000, 0x0000000100000000)
  eden space 32768K, 0% used [0x00000000d6400000,0x00000000d6400000,0x00000000d8400000)
  from space 5120K, 99% used [0x00000000d8900000,0x00000000d8dfc028,0x00000000d8e00000)
  to   space 5120K, 0% used [0x00000000d8400000,0x00000000d8400000,0x00000000d8900000)
 ParOldGen       total 86016K, used 31212K [0x0000000082c00000, 0x0000000088000000, 0x00000000d6400000)
  object space 86016K, 36% used [0x0000000082c00000,0x0000000084a7b2f0,0x0000000088000000)
 Metaspace       used 19740K, capacity 20758K, committed 20864K, reserved 1067008K
  class space    used 2707K, capacity 2928K, committed 2944K, reserved 1048576K
}
Event: 105.425 GC heap before
{Heap before GC invocations=3 (full 0):
 PSYoungGen      total 37888K, used 30625K [0x00000000d6400000, 0x00000000d8e00000, 0x0000000100000000)
  eden space 32768K, 77% used [0x00000000d6400000,0x00000000d7cec718,0x00000000d8400000)
  from space 5120K, 99% used [0x00000000d8900000,0x00000000d8dfc028,0x00000000d8e00000)
  to   space 5120K, 0% used [0x00000000d8400000,0x00000000d8400000,0x00000000d8900000)
 ParOldGen       total 86016K, used 31212K [0x0000000082c00000, 0x0000000088000000, 0x00000000d6400000)
  object space 86016K, 36% used [0x0000000082c00000,0x0000000084a7b2f0,0x0000000088000000)
 Metaspace       used 20171K, capacity 21118K, committed 21248K, reserved 1067008K
  class space    used 2718K, capacity 2960K, committed 3072K, reserved 1048576K
Event: 105.436 GC heap after
Heap after GC invocations=3 (full 0):
 PSYoungGen      total 37888K, used 5116K [0x00000000d6400000, 0x00000000d8e00000, 0x0000000100000000)
  eden space 32768K, 0% used [0x00000000d6400000,0x00000000d6400000,0x00000000d8400000)
  from space 5120K, 99% used [0x00000000d8400000,0x00000000d88ff208,0x00000000d8900000)
  to   space 5120K, 0% used [0x00000000d8900000,0x00000000d8900000,0x00000000d8e00000)
 ParOldGen       total 86016K, used 31380K [0x0000000082c00000, 0x0000000088000000, 0x00000000d6400000)
  object space 86016K, 36% used [0x0000000082c00000,0x0000000084aa52f0,0x0000000088000000)
 Metaspace       used 20171K, capacity 21118K, committed 21248K, reserved 1067008K
  class space    used 2718K, capacity 2960K, committed 3072K, reserved 1048576K
}
Event: 105.436 GC heap before
{Heap before GC invocations=4 (full 1):
 PSYoungGen      total 37888K, used 5116K [0x00000000d6400000, 0x00000000d8e00000, 0x0000000100000000)
  eden space 32768K, 0% used [0x00000000d6400000,0x00000000d6400000,0x00000000d8400000)
  from space 5120K, 99% used [0x00000000d8400000,0x00000000d88ff208,0x00000000d8900000)
  to   space 5120K, 0% used [0x00000000d8900000,0x00000000d8900000,0x00000000d8e00000)
 ParOldGen       total 86016K, used 31380K [0x0000000082c00000, 0x0000000088000000, 0x00000000d6400000)
  object space 86016K, 36% used [0x0000000082c00000,0x0000000084aa52f0,0x0000000088000000)
 Metaspace       used 20171K, capacity 21118K, committed 21248K, reserved 1067008K
  class space    used 2718K, capacity 2960K, committed 3072K, reserved 1048576K
Event: 105.497 GC heap after
Heap after GC invocations=4 (full 1):
 PSYoungGen      total 37888K, used 0K [0x00000000d6400000, 0x00000000d8e00000, 0x0000000100000000)
  eden space 32768K, 0% used [0x00000000d6400000,0x00000000d6400000,0x00000000d8400000)
  from space 5120K, 0% used [0x00000000d8400000,0x00000000d8400000,0x00000000d8900000)
  to   space 5120K, 0% used [0x00000000d8900000,0x00000000d8900000,0x00000000d8e00000)
 ParOldGen       total 78336K, used 34077K [0x0000000082c00000, 0x0000000087880000, 0x00000000d6400000)
  object space 78336K, 43% used [0x0000000082c00000,0x0000000084d47678,0x0000000087880000)
 Metaspace       used 20171K, capacity 21118K, committed 21248K, reserved 1067008K
  class space    used 2718K, capacity 2960K, committed 3072K, reserved 1048576K
}

